[2024-07-20T08:54:36.415+0000] {local_task_job_runner.py:120} INFO - ::group::Pre task execution logs
[2024-07-20T08:54:36.427+0000] {taskinstance.py:2076} INFO - Dependencies all met for dep_context=non-requeueable deps ti=<TaskInstance: dag_with_postgres_hooks.pred_time_series manual__2024-07-20T08:54:17.690228+00:00 [queued]>
[2024-07-20T08:54:36.432+0000] {taskinstance.py:2076} INFO - Dependencies all met for dep_context=requeueable deps ti=<TaskInstance: dag_with_postgres_hooks.pred_time_series manual__2024-07-20T08:54:17.690228+00:00 [queued]>
[2024-07-20T08:54:36.432+0000] {taskinstance.py:2306} INFO - Starting attempt 1 of 1
[2024-07-20T08:54:36.441+0000] {taskinstance.py:2330} INFO - Executing <Task(PythonOperator): pred_time_series> on 2024-07-20 08:54:17.690228+00:00
[2024-07-20T08:54:36.447+0000] {warnings.py:112} WARNING - /home/***/.local/lib/python3.12/site-packages/***/task/task_runner/standard_task_runner.py:62: DeprecationWarning: This process (pid=3194) is multi-threaded, use of fork() may lead to deadlocks in the child.
  pid = os.fork()

[2024-07-20T08:54:36.457+0000] {standard_task_runner.py:64} INFO - Started process 3203 to run task
[2024-07-20T08:54:36.464+0000] {standard_task_runner.py:90} INFO - Running: ['***', 'tasks', 'run', 'dag_with_postgres_hooks', 'pred_time_series', 'manual__2024-07-20T08:54:17.690228+00:00', '--job-id', '258', '--raw', '--subdir', 'DAGS_FOLDER/Stock_pred.py', '--cfg-path', '/tmp/tmptomxr10l']
[2024-07-20T08:54:36.465+0000] {standard_task_runner.py:91} INFO - Job 258: Subtask pred_time_series
[2024-07-20T08:54:36.487+0000] {task_command.py:426} INFO - Running <TaskInstance: dag_with_postgres_hooks.pred_time_series manual__2024-07-20T08:54:17.690228+00:00 [running]> on host 488b1a24c461
[2024-07-20T08:54:36.520+0000] {taskinstance.py:2648} INFO - Exporting env vars: AIRFLOW_CTX_DAG_EMAIL='***@example.com' AIRFLOW_CTX_DAG_OWNER='***' AIRFLOW_CTX_DAG_ID='dag_with_postgres_hooks' AIRFLOW_CTX_TASK_ID='pred_time_series' AIRFLOW_CTX_EXECUTION_DATE='2024-07-20T08:54:17.690228+00:00' AIRFLOW_CTX_TRY_NUMBER='1' AIRFLOW_CTX_DAG_RUN_ID='manual__2024-07-20T08:54:17.690228+00:00'
[2024-07-20T08:54:36.521+0000] {taskinstance.py:430} INFO - ::endgroup::
[2024-07-20T08:54:36.541+0000] {logging_mixin.py:188} INFO -          date    CLOSE
0  08/05/2020  8803,96
[2024-07-20T08:54:36.603+0000] {logging_mixin.py:188} INFO -       OPEN     HIGH      LOW    CLOSE      VOLUME
0  24800.0  25300.0  24650.0  25100.0  18467801.0
[2024-07-20T08:54:36.611+0000] {logging_mixin.py:188} INFO -               CLOSE
2020-05-08  8803,96
2020-05-11  8927,38
2020-05-12  8968,52
2020-05-13  8927,38
2020-05-14  8803,96
[2024-07-20T08:54:36.611+0000] {taskinstance.py:441} INFO - ::group::Post task execution logs
[2024-07-20T08:54:36.612+0000] {taskinstance.py:2905} ERROR - Task failed with exception
Traceback (most recent call last):
  File "/home/airflow/.local/lib/python3.12/site-packages/airflow/models/taskinstance.py", line 465, in _execute_task
    result = _execute_callable(context=context, **execute_callable_kwargs)
             ^^^^^^^^^^^^^^^^^^^^^^^^^^^^^^^^^^^^^^^^^^^^^^^^^^^^^^^^^^^^^
  File "/home/airflow/.local/lib/python3.12/site-packages/airflow/models/taskinstance.py", line 432, in _execute_callable
    return execute_callable(context=context, **execute_callable_kwargs)
           ^^^^^^^^^^^^^^^^^^^^^^^^^^^^^^^^^^^^^^^^^^^^^^^^^^^^^^^^^^^^
  File "/home/airflow/.local/lib/python3.12/site-packages/airflow/models/baseoperator.py", line 401, in wrapper
    return func(self, *args, **kwargs)
           ^^^^^^^^^^^^^^^^^^^^^^^^^^^
  File "/home/airflow/.local/lib/python3.12/site-packages/airflow/operators/python.py", line 235, in execute
    return_value = self.execute_callable()
                   ^^^^^^^^^^^^^^^^^^^^^^^
  File "/home/airflow/.local/lib/python3.12/site-packages/airflow/operators/python.py", line 252, in execute_callable
    return self.python_callable(*self.op_args, **self.op_kwargs)
           ^^^^^^^^^^^^^^^^^^^^^^^^^^^^^^^^^^^^^^^^^^^^^^^^^^^^^
  File "/opt/airflow/dags/Stock_pred.py", line 269, in pred_time_series
    df_full_ts['CLOSE'] = df_full_ts['CLOSE'].astype(float)
                          ^^^^^^^^^^^^^^^^^^^^^^^^^^^^^^^^^
  File "/home/airflow/.local/lib/python3.12/site-packages/pandas/core/generic.py", line 6534, in astype
    new_data = self._mgr.astype(dtype=dtype, copy=copy, errors=errors)
               ^^^^^^^^^^^^^^^^^^^^^^^^^^^^^^^^^^^^^^^^^^^^^^^^^^^^^^^
  File "/home/airflow/.local/lib/python3.12/site-packages/pandas/core/internals/managers.py", line 414, in astype
    return self.apply(
           ^^^^^^^^^^^
  File "/home/airflow/.local/lib/python3.12/site-packages/pandas/core/internals/managers.py", line 354, in apply
    applied = getattr(b, f)(**kwargs)
              ^^^^^^^^^^^^^^^^^^^^^^^
  File "/home/airflow/.local/lib/python3.12/site-packages/pandas/core/internals/blocks.py", line 616, in astype
    new_values = astype_array_safe(values, dtype, copy=copy, errors=errors)
                 ^^^^^^^^^^^^^^^^^^^^^^^^^^^^^^^^^^^^^^^^^^^^^^^^^^^^^^^^^^
  File "/home/airflow/.local/lib/python3.12/site-packages/pandas/core/dtypes/astype.py", line 238, in astype_array_safe
    new_values = astype_array(values, dtype, copy=copy)
                 ^^^^^^^^^^^^^^^^^^^^^^^^^^^^^^^^^^^^^^
  File "/home/airflow/.local/lib/python3.12/site-packages/pandas/core/dtypes/astype.py", line 183, in astype_array
    values = _astype_nansafe(values, dtype, copy=copy)
             ^^^^^^^^^^^^^^^^^^^^^^^^^^^^^^^^^^^^^^^^^
  File "/home/airflow/.local/lib/python3.12/site-packages/pandas/core/dtypes/astype.py", line 134, in _astype_nansafe
    return arr.astype(dtype, copy=True)
           ^^^^^^^^^^^^^^^^^^^^^^^^^^^^
ValueError: could not convert string to float: '8803,96'
[2024-07-20T08:54:36.617+0000] {taskinstance.py:1206} INFO - Marking task as FAILED. dag_id=dag_with_postgres_hooks, task_id=pred_time_series, run_id=manual__2024-07-20T08:54:17.690228+00:00, execution_date=20240720T085417, start_date=20240720T085436, end_date=20240720T085436
[2024-07-20T08:54:36.622+0000] {standard_task_runner.py:110} ERROR - Failed to execute job 258 for task pred_time_series (could not convert string to float: '8803,96'; 3203)
[2024-07-20T08:54:36.645+0000] {local_task_job_runner.py:243} INFO - Task exited with return code 1
[2024-07-20T08:54:36.656+0000] {taskinstance.py:3503} INFO - 0 downstream tasks scheduled from follow-on schedule check
[2024-07-20T08:54:36.657+0000] {local_task_job_runner.py:222} INFO - ::endgroup::
