[2024-07-20T09:00:52.153+0000] {local_task_job_runner.py:120} INFO - ::group::Pre task execution logs
[2024-07-20T09:00:52.161+0000] {taskinstance.py:2076} INFO - Dependencies all met for dep_context=non-requeueable deps ti=<TaskInstance: dag_with_postgres_hooks.pred_time_series manual__2024-07-20T09:00:34.647295+00:00 [queued]>
[2024-07-20T09:00:52.164+0000] {taskinstance.py:2076} INFO - Dependencies all met for dep_context=requeueable deps ti=<TaskInstance: dag_with_postgres_hooks.pred_time_series manual__2024-07-20T09:00:34.647295+00:00 [queued]>
[2024-07-20T09:00:52.164+0000] {taskinstance.py:2306} INFO - Starting attempt 1 of 1
[2024-07-20T09:00:52.169+0000] {taskinstance.py:2330} INFO - Executing <Task(PythonOperator): pred_time_series> on 2024-07-20 09:00:34.647295+00:00
[2024-07-20T09:00:52.173+0000] {warnings.py:112} WARNING - /home/***/.local/lib/python3.12/site-packages/***/task/task_runner/standard_task_runner.py:62: DeprecationWarning: This process (pid=3550) is multi-threaded, use of fork() may lead to deadlocks in the child.
  pid = os.fork()

[2024-07-20T09:00:52.174+0000] {standard_task_runner.py:64} INFO - Started process 3559 to run task
[2024-07-20T09:00:52.174+0000] {standard_task_runner.py:90} INFO - Running: ['***', 'tasks', 'run', 'dag_with_postgres_hooks', 'pred_time_series', 'manual__2024-07-20T09:00:34.647295+00:00', '--job-id', '270', '--raw', '--subdir', 'DAGS_FOLDER/Stock_pred.py', '--cfg-path', '/tmp/tmpeugygci_']
[2024-07-20T09:00:52.175+0000] {standard_task_runner.py:91} INFO - Job 270: Subtask pred_time_series
[2024-07-20T09:00:52.190+0000] {task_command.py:426} INFO - Running <TaskInstance: dag_with_postgres_hooks.pred_time_series manual__2024-07-20T09:00:34.647295+00:00 [running]> on host 488b1a24c461
[2024-07-20T09:00:52.220+0000] {taskinstance.py:2648} INFO - Exporting env vars: AIRFLOW_CTX_DAG_EMAIL='***@example.com' AIRFLOW_CTX_DAG_OWNER='***' AIRFLOW_CTX_DAG_ID='dag_with_postgres_hooks' AIRFLOW_CTX_TASK_ID='pred_time_series' AIRFLOW_CTX_EXECUTION_DATE='2024-07-20T09:00:34.647295+00:00' AIRFLOW_CTX_TRY_NUMBER='1' AIRFLOW_CTX_DAG_RUN_ID='manual__2024-07-20T09:00:34.647295+00:00'
[2024-07-20T09:00:52.220+0000] {taskinstance.py:430} INFO - ::endgroup::
[2024-07-20T09:00:52.301+0000] {logging_mixin.py:188} INFO -               CLOSE
08/05/2020  8803,96
11/05/2020  8927,38
12/05/2020  8968,52
13/05/2020  8927,38
14/05/2020  8803,96
[2024-07-20T09:00:52.308+0000] {taskinstance.py:441} INFO - ::group::Post task execution logs
[2024-07-20T09:00:52.308+0000] {taskinstance.py:2905} ERROR - Task failed with exception
Traceback (most recent call last):
  File "/home/airflow/.local/lib/python3.12/site-packages/airflow/models/taskinstance.py", line 465, in _execute_task
    result = _execute_callable(context=context, **execute_callable_kwargs)
             ^^^^^^^^^^^^^^^^^^^^^^^^^^^^^^^^^^^^^^^^^^^^^^^^^^^^^^^^^^^^^
  File "/home/airflow/.local/lib/python3.12/site-packages/airflow/models/taskinstance.py", line 432, in _execute_callable
    return execute_callable(context=context, **execute_callable_kwargs)
           ^^^^^^^^^^^^^^^^^^^^^^^^^^^^^^^^^^^^^^^^^^^^^^^^^^^^^^^^^^^^
  File "/home/airflow/.local/lib/python3.12/site-packages/airflow/models/baseoperator.py", line 401, in wrapper
    return func(self, *args, **kwargs)
           ^^^^^^^^^^^^^^^^^^^^^^^^^^^
  File "/home/airflow/.local/lib/python3.12/site-packages/airflow/operators/python.py", line 235, in execute
    return_value = self.execute_callable()
                   ^^^^^^^^^^^^^^^^^^^^^^^
  File "/home/airflow/.local/lib/python3.12/site-packages/airflow/operators/python.py", line 252, in execute_callable
    return self.python_callable(*self.op_args, **self.op_kwargs)
           ^^^^^^^^^^^^^^^^^^^^^^^^^^^^^^^^^^^^^^^^^^^^^^^^^^^^^
  File "/opt/airflow/dags/Stock_pred.py", line 263, in pred_time_series
    df_full_ts['CLOSE']= df_full_ts['CLOSE'].apply(lambda x: x.str.replace(',','.'))
                         ^^^^^^^^^^^^^^^^^^^^^^^^^^^^^^^^^^^^^^^^^^^^^^^^^^^^^^^^^^^
  File "/home/airflow/.local/lib/python3.12/site-packages/pandas/core/series.py", line 4764, in apply
    ).apply()
      ^^^^^^^
  File "/home/airflow/.local/lib/python3.12/site-packages/pandas/core/apply.py", line 1209, in apply
    return self.apply_standard()
           ^^^^^^^^^^^^^^^^^^^^^
  File "/home/airflow/.local/lib/python3.12/site-packages/pandas/core/apply.py", line 1289, in apply_standard
    mapped = obj._map_values(
             ^^^^^^^^^^^^^^^^
  File "/home/airflow/.local/lib/python3.12/site-packages/pandas/core/base.py", line 921, in _map_values
    return algorithms.map_array(arr, mapper, na_action=na_action, convert=convert)
           ^^^^^^^^^^^^^^^^^^^^^^^^^^^^^^^^^^^^^^^^^^^^^^^^^^^^^^^^^^^^^^^^^^^^^^^
  File "/home/airflow/.local/lib/python3.12/site-packages/pandas/core/algorithms.py", line 1814, in map_array
    return lib.map_infer(values, mapper, convert=convert)
           ^^^^^^^^^^^^^^^^^^^^^^^^^^^^^^^^^^^^^^^^^^^^^^
  File "lib.pyx", line 2926, in pandas._libs.lib.map_infer
  File "/opt/airflow/dags/Stock_pred.py", line 263, in <lambda>
    df_full_ts['CLOSE']= df_full_ts['CLOSE'].apply(lambda x: x.str.replace(',','.'))
                                                             ^^^^^
AttributeError: 'str' object has no attribute 'str'
[2024-07-20T09:00:52.315+0000] {taskinstance.py:1206} INFO - Marking task as FAILED. dag_id=dag_with_postgres_hooks, task_id=pred_time_series, run_id=manual__2024-07-20T09:00:34.647295+00:00, execution_date=20240720T090034, start_date=20240720T090052, end_date=20240720T090052
[2024-07-20T09:00:52.319+0000] {standard_task_runner.py:110} ERROR - Failed to execute job 270 for task pred_time_series ('str' object has no attribute 'str'; 3559)
[2024-07-20T09:00:52.359+0000] {local_task_job_runner.py:243} INFO - Task exited with return code 1
[2024-07-20T09:00:52.365+0000] {taskinstance.py:3503} INFO - 0 downstream tasks scheduled from follow-on schedule check
[2024-07-20T09:00:52.366+0000] {local_task_job_runner.py:222} INFO - ::endgroup::
