[2024-07-18T08:04:55.983+0000] {local_task_job_runner.py:120} INFO - ::group::Pre task execution logs
[2024-07-18T08:04:56.016+0000] {taskinstance.py:2076} INFO - Dependencies all met for dep_context=non-requeueable deps ti=<TaskInstance: dag_with_postgres_hooks.test manual__2024-07-18T08:04:48.035621+00:00 [queued]>
[2024-07-18T08:04:56.019+0000] {taskinstance.py:2076} INFO - Dependencies all met for dep_context=requeueable deps ti=<TaskInstance: dag_with_postgres_hooks.test manual__2024-07-18T08:04:48.035621+00:00 [queued]>
[2024-07-18T08:04:56.019+0000] {taskinstance.py:2306} INFO - Starting attempt 1 of 1
[2024-07-18T08:04:56.025+0000] {taskinstance.py:2330} INFO - Executing <Task(PythonOperator): test> on 2024-07-18 08:04:48.035621+00:00
[2024-07-18T08:04:56.028+0000] {warnings.py:112} WARNING - /home/***/.local/lib/python3.12/site-packages/***/task/task_runner/standard_task_runner.py:61: DeprecationWarning: This process (pid=1121) is multi-threaded, use of fork() may lead to deadlocks in the child.
  pid = os.fork()

[2024-07-18T08:04:56.029+0000] {standard_task_runner.py:63} INFO - Started process 1130 to run task
[2024-07-18T08:04:56.030+0000] {standard_task_runner.py:90} INFO - Running: ['***', 'tasks', 'run', 'dag_with_postgres_hooks', 'test', 'manual__2024-07-18T08:04:48.035621+00:00', '--job-id', '129', '--raw', '--subdir', 'DAGS_FOLDER/sql_2.py', '--cfg-path', '/tmp/tmpa0uzhujo']
[2024-07-18T08:04:56.030+0000] {standard_task_runner.py:91} INFO - Job 129: Subtask test
[2024-07-18T08:04:56.047+0000] {task_command.py:426} INFO - Running <TaskInstance: dag_with_postgres_hooks.test manual__2024-07-18T08:04:48.035621+00:00 [running]> on host 0c2114842aea
[2024-07-18T08:04:56.079+0000] {taskinstance.py:2648} INFO - Exporting env vars: AIRFLOW_CTX_DAG_EMAIL='***@example.com' AIRFLOW_CTX_DAG_OWNER='***' AIRFLOW_CTX_DAG_ID='dag_with_postgres_hooks' AIRFLOW_CTX_TASK_ID='test' AIRFLOW_CTX_EXECUTION_DATE='2024-07-18T08:04:48.035621+00:00' AIRFLOW_CTX_TRY_NUMBER='1' AIRFLOW_CTX_DAG_RUN_ID='manual__2024-07-18T08:04:48.035621+00:00'
[2024-07-18T08:04:56.079+0000] {taskinstance.py:430} INFO - ::endgroup::
[2024-07-18T08:04:58.169+0000] {taskinstance.py:441} INFO - ::group::Post task execution logs
[2024-07-18T08:04:58.170+0000] {taskinstance.py:2905} ERROR - Task failed with exception
Traceback (most recent call last):
  File "/home/airflow/.local/lib/python3.12/site-packages/airflow/models/taskinstance.py", line 465, in _execute_task
    result = _execute_callable(context=context, **execute_callable_kwargs)
             ^^^^^^^^^^^^^^^^^^^^^^^^^^^^^^^^^^^^^^^^^^^^^^^^^^^^^^^^^^^^^
  File "/home/airflow/.local/lib/python3.12/site-packages/airflow/models/taskinstance.py", line 432, in _execute_callable
    return execute_callable(context=context, **execute_callable_kwargs)
           ^^^^^^^^^^^^^^^^^^^^^^^^^^^^^^^^^^^^^^^^^^^^^^^^^^^^^^^^^^^^
  File "/home/airflow/.local/lib/python3.12/site-packages/airflow/models/baseoperator.py", line 401, in wrapper
    return func(self, *args, **kwargs)
           ^^^^^^^^^^^^^^^^^^^^^^^^^^^
  File "/home/airflow/.local/lib/python3.12/site-packages/airflow/operators/python.py", line 235, in execute
    return_value = self.execute_callable()
                   ^^^^^^^^^^^^^^^^^^^^^^^
  File "/home/airflow/.local/lib/python3.12/site-packages/airflow/operators/python.py", line 252, in execute_callable
    return self.python_callable(*self.op_args, **self.op_kwargs)
           ^^^^^^^^^^^^^^^^^^^^^^^^^^^^^^^^^^^^^^^^^^^^^^^^^^^^^
  File "/opt/airflow/dags/sql_2.py", line 248, in test
    with open('model.pkl', 'rb') as model:
         ^^^^^^^^^^^^^^^^^^^^^^^
FileNotFoundError: [Errno 2] No such file or directory: 'model.pkl'
[2024-07-18T08:04:58.181+0000] {taskinstance.py:1206} INFO - Marking task as FAILED. dag_id=dag_with_postgres_hooks, task_id=test, run_id=manual__2024-07-18T08:04:48.035621+00:00, execution_date=20240718T080448, start_date=20240718T080456, end_date=20240718T080458
[2024-07-18T08:04:58.192+0000] {standard_task_runner.py:110} ERROR - Failed to execute job 129 for task test ([Errno 2] No such file or directory: 'model.pkl'; 1130)
[2024-07-18T08:04:58.216+0000] {local_task_job_runner.py:240} INFO - Task exited with return code 1
[2024-07-18T08:04:58.227+0000] {taskinstance.py:3503} INFO - 0 downstream tasks scheduled from follow-on schedule check
[2024-07-18T08:04:58.228+0000] {local_task_job_runner.py:222} INFO - ::endgroup::
