[2024-07-18T08:06:19.916+0000] {local_task_job_runner.py:120} INFO - ::group::Pre task execution logs
[2024-07-18T08:06:19.962+0000] {taskinstance.py:2076} INFO - Dependencies all met for dep_context=non-requeueable deps ti=<TaskInstance: dag_with_postgres_hooks.test manual__2024-07-18T08:06:12.771170+00:00 [queued]>
[2024-07-18T08:06:19.966+0000] {taskinstance.py:2076} INFO - Dependencies all met for dep_context=requeueable deps ti=<TaskInstance: dag_with_postgres_hooks.test manual__2024-07-18T08:06:12.771170+00:00 [queued]>
[2024-07-18T08:06:19.967+0000] {taskinstance.py:2306} INFO - Starting attempt 1 of 1
[2024-07-18T08:06:19.975+0000] {taskinstance.py:2330} INFO - Executing <Task(PythonOperator): test> on 2024-07-18 08:06:12.771170+00:00
[2024-07-18T08:06:19.981+0000] {warnings.py:112} WARNING - /home/***/.local/lib/python3.12/site-packages/***/task/task_runner/standard_task_runner.py:61: DeprecationWarning: This process (pid=1209) is multi-threaded, use of fork() may lead to deadlocks in the child.
  pid = os.fork()

[2024-07-18T08:06:19.982+0000] {standard_task_runner.py:63} INFO - Started process 1225 to run task
[2024-07-18T08:06:19.984+0000] {standard_task_runner.py:90} INFO - Running: ['***', 'tasks', 'run', 'dag_with_postgres_hooks', 'test', 'manual__2024-07-18T08:06:12.771170+00:00', '--job-id', '133', '--raw', '--subdir', 'DAGS_FOLDER/sql_2.py', '--cfg-path', '/tmp/tmpe3q55_0p']
[2024-07-18T08:06:19.985+0000] {standard_task_runner.py:91} INFO - Job 133: Subtask test
[2024-07-18T08:06:20.022+0000] {task_command.py:426} INFO - Running <TaskInstance: dag_with_postgres_hooks.test manual__2024-07-18T08:06:12.771170+00:00 [running]> on host 0c2114842aea
[2024-07-18T08:06:20.073+0000] {taskinstance.py:2648} INFO - Exporting env vars: AIRFLOW_CTX_DAG_EMAIL='***@example.com' AIRFLOW_CTX_DAG_OWNER='***' AIRFLOW_CTX_DAG_ID='dag_with_postgres_hooks' AIRFLOW_CTX_TASK_ID='test' AIRFLOW_CTX_EXECUTION_DATE='2024-07-18T08:06:12.771170+00:00' AIRFLOW_CTX_TRY_NUMBER='1' AIRFLOW_CTX_DAG_RUN_ID='manual__2024-07-18T08:06:12.771170+00:00'
[2024-07-18T08:06:20.075+0000] {taskinstance.py:430} INFO - ::endgroup::
[2024-07-18T08:06:21.167+0000] {taskinstance.py:441} INFO - ::group::Post task execution logs
[2024-07-18T08:06:21.168+0000] {taskinstance.py:2905} ERROR - Task failed with exception
Traceback (most recent call last):
  File "/home/airflow/.local/lib/python3.12/site-packages/airflow/models/taskinstance.py", line 465, in _execute_task
    result = _execute_callable(context=context, **execute_callable_kwargs)
             ^^^^^^^^^^^^^^^^^^^^^^^^^^^^^^^^^^^^^^^^^^^^^^^^^^^^^^^^^^^^^
  File "/home/airflow/.local/lib/python3.12/site-packages/airflow/models/taskinstance.py", line 432, in _execute_callable
    return execute_callable(context=context, **execute_callable_kwargs)
           ^^^^^^^^^^^^^^^^^^^^^^^^^^^^^^^^^^^^^^^^^^^^^^^^^^^^^^^^^^^^
  File "/home/airflow/.local/lib/python3.12/site-packages/airflow/models/baseoperator.py", line 401, in wrapper
    return func(self, *args, **kwargs)
           ^^^^^^^^^^^^^^^^^^^^^^^^^^^
  File "/home/airflow/.local/lib/python3.12/site-packages/airflow/operators/python.py", line 235, in execute
    return_value = self.execute_callable()
                   ^^^^^^^^^^^^^^^^^^^^^^^
  File "/home/airflow/.local/lib/python3.12/site-packages/airflow/operators/python.py", line 252, in execute_callable
    return self.python_callable(*self.op_args, **self.op_kwargs)
           ^^^^^^^^^^^^^^^^^^^^^^^^^^^^^^^^^^^^^^^^^^^^^^^^^^^^^
  File "/opt/airflow/dags/sql_2.py", line 248, in test
    with open('model.pkl', 'rb') as model:
         ^^^^^^^^^^^^^^^^^^^^^^^
FileNotFoundError: [Errno 2] No such file or directory: 'model.pkl'
[2024-07-18T08:06:21.176+0000] {taskinstance.py:1206} INFO - Marking task as FAILED. dag_id=dag_with_postgres_hooks, task_id=test, run_id=manual__2024-07-18T08:06:12.771170+00:00, execution_date=20240718T080612, start_date=20240718T080619, end_date=20240718T080621
[2024-07-18T08:06:21.183+0000] {standard_task_runner.py:110} ERROR - Failed to execute job 133 for task test ([Errno 2] No such file or directory: 'model.pkl'; 1225)
[2024-07-18T08:06:21.206+0000] {local_task_job_runner.py:240} INFO - Task exited with return code 1
[2024-07-18T08:06:21.217+0000] {taskinstance.py:3503} INFO - 0 downstream tasks scheduled from follow-on schedule check
[2024-07-18T08:06:21.218+0000] {local_task_job_runner.py:222} INFO - ::endgroup::
